<?xml version="1.0" encoding="utf-8"?>
<coverage line-rate="0.733" branch-rate="0.75" version="1.9" timestamp="1712000000">
  <packages>
    <package name="CoverLensDemo" line-rate="0.733" branch-rate="0.75">
      <classes>
        <class name="StringHelper" filename="StringHelper.cs" line-rate="0.733" branch-rate="0.75">
          <lines>
            <line number="5" hits="2" branch="false"/>
            <line number="7" hits="2" branch="true" condition-coverage="50% (1/2)"/>
            <line number="8" hits="0" branch="false"/>
            <line number="9" hits="0" branch="false"/>
            <line number="12" hits="2" branch="true" condition-coverage="100% (2/2)"/>
            <line number="13" hits="1" branch="false"/>
            <line number="14" hits="1" branch="false"/>
            <line number="17" hits="1" branch="false"/>
            <line number="20" hits="2" branch="false"/>
            <line number="22" hits="2" branch="true" condition-coverage="100% (2/2)"/>
            <line number="23" hits="1" branch="false"/>
            <line number="24" hits="1" branch="false"/>
            <line number="27" hits="1" branch="false"/>
            <line number="29" hits="1" branch="false"/>
            <line number="30" hits="1" branch="false"/>
            <line number="31" hits="1" branch="false"/>
            <line number="34" hits="1" branch="false"/>
            <line number="38" hits="2" branch="false"/>
            <line number="40" hits="2" branch="true" condition-coverage="100% (2/2)"/>
            <line number="41" hits="1" branch="false"/>
            <line number="44" hits="1" branch="true" condition-coverage="50% (1/2)"/>
            <line number="45" hits="1" branch="false"/>
            <line number="46" hits="0" branch="false"/>
            <line number="49" hits="1" branch="false"/>
            <line number="55" hits="0" branch="false"/>
            <line number="57" hits="0" branch="true" condition-coverage="0% (0/2)"/>
            <line number="58" hits="0" branch="false"/>
            <line number="61" hits="0" branch="false"/>
            <line number="62" hits="0" branch="false"/>
            <line number="63" hits="0" branch="false"/>
          </lines>
        </class>
      </classes>
    </package>
  </packages>
</coverage>
