TN:
SF:StringHelper.cs
FN:5,Repeat
FN:20,ToCamelCase
FN:38,IsEmail
FN:54,Slugify
FNF:4
FNH:3
FNDA:2,Repeat
FNDA:2,ToCamelCase
FNDA:2,IsEmail
FNDA:0,Slugify
DA:5,2
DA:7,2
DA:9,0
DA:12,2
DA:14,1
DA:17,1
DA:20,2
DA:22,2
DA:24,1
DA:27,1
DA:28,1
DA:30,1
DA:32,1
DA:35,1
DA:38,2
DA:40,2
DA:42,1
DA:45,1
DA:46,1
DA:48,0
DA:51,1
DA:54,0
DA:56,0
DA:58,0
DA:61,0
DA:62,0
DA:63,0
DA:64,0
BRDA:7,0,0,0
BRDA:7,0,1,2
BRDA:12,1,0,1
BRDA:12,1,1,1
BRDA:22,2,0,1
BRDA:22,2,1,1
BRDA:40,3,0,1
BRDA:40,3,1,1
BRDA:46,4,0,0
BRDA:46,4,1,1
BRDA:56,5,0,0
BRDA:56,5,1,0
LF:28
LH:20
BRF:12
BRH:9
end_of_record
