<?xml version="1.0" encoding="UTF-8" standalone="yes"?>
<!DOCTYPE report PUBLIC "-//JACOCO//DTD Report 1.1//EN" "report.dtd">
<report name="coverlens-demo">
  <sessioninfo id="session" start="1712000000000" dump="1712000060000"/>
  <package name="com/example">
    <class name="com/example/MathUtils" sourcefilename="MathUtils.java">
      <method name="abs" desc="(I)I" line="5">
        <counter type="INSTRUCTION" missed="0" covered="4"/>
        <counter type="BRANCH" missed="0" covered="2"/>
        <counter type="LINE" missed="0" covered="4"/>
      </method>
      <method name="max" desc="(II)I" line="12">
        <counter type="INSTRUCTION" missed="0" covered="4"/>
        <counter type="BRANCH" missed="0" covered="2"/>
        <counter type="LINE" missed="0" covered="4"/>
      </method>
      <method name="min" desc="(II)I" line="19">
        <counter type="INSTRUCTION" missed="4" covered="0"/>
        <counter type="BRANCH" missed="2" covered="0"/>
        <counter type="LINE" missed="4" covered="0"/>
      </method>
      <method name="sum" desc="([I)I" line="26">
        <counter type="INSTRUCTION" missed="0" covered="6"/>
        <counter type="BRANCH" missed="0" covered="2"/>
        <counter type="LINE" missed="0" covered="5"/>
      </method>
      <method name="average" desc="([I)D" line="34">
        <counter type="INSTRUCTION" missed="2" covered="3"/>
        <counter type="BRANCH" missed="1" covered="1"/>
        <counter type="LINE" missed="1" covered="3"/>
      </method>
      <method name="clamp" desc="(III)I" line="41">
        <counter type="INSTRUCTION" missed="1" covered="5"/>
        <counter type="BRANCH" missed="1" covered="3"/>
        <counter type="LINE" missed="1" covered="5"/>
      </method>
    </class>
    <sourcefile name="MathUtils.java">
      <line nr="5" mi="0" ci="1" mb="0" cb="0"/>
      <line nr="6" mi="0" ci="1" mb="0" cb="2"/>
      <line nr="7" mi="0" ci="1" mb="0" cb="0"/>
      <line nr="9" mi="0" ci="1" mb="0" cb="0"/>
      <line nr="12" mi="0" ci="1" mb="0" cb="0"/>
      <line nr="13" mi="0" ci="1" mb="0" cb="2"/>
      <line nr="14" mi="0" ci="1" mb="0" cb="0"/>
      <line nr="16" mi="0" ci="1" mb="0" cb="0"/>
      <line nr="19" mi="1" ci="0" mb="0" cb="0"/>
      <line nr="20" mi="1" ci="0" mb="2" cb="0"/>
      <line nr="21" mi="1" ci="0" mb="0" cb="0"/>
      <line nr="23" mi="1" ci="0" mb="0" cb="0"/>
      <line nr="26" mi="0" ci="1" mb="0" cb="0"/>
      <line nr="27" mi="0" ci="1" mb="0" cb="0"/>
      <line nr="28" mi="0" ci="1" mb="0" cb="2"/>
      <line nr="29" mi="0" ci="1" mb="0" cb="0"/>
      <line nr="31" mi="0" ci="1" mb="0" cb="0"/>
      <line nr="34" mi="0" ci="1" mb="0" cb="0"/>
      <line nr="35" mi="0" ci="1" mb="1" cb="1"/>
      <line nr="36" mi="2" ci="0" mb="0" cb="0"/>
      <line nr="38" mi="0" ci="1" mb="0" cb="0"/>
      <line nr="41" mi="0" ci="1" mb="0" cb="0"/>
      <line nr="42" mi="0" ci="1" mb="1" cb="1"/>
      <line nr="43" mi="0" ci="1" mb="0" cb="0"/>
      <line nr="45" mi="0" ci="1" mb="0" cb="2"/>
      <line nr="46" mi="1" ci="0" mb="0" cb="0"/>
      <line nr="48" mi="0" ci="1" mb="0" cb="0"/>
    </sourcefile>
  </package>
</report>
