mode: set
example/coverlens-demo/stringutil.go:6.31,8.54 2 1
example/coverlens-demo/stringutil.go:8.54,10.3 1 1
example/coverlens-demo/stringutil.go:11.2,11.22 1 1
example/coverlens-demo/stringutil.go:15.34,18.2 2 1
example/coverlens-demo/stringutil.go:21.44,22.17 1 1
example/coverlens-demo/stringutil.go:22.17,24.3 1 0
example/coverlens-demo/stringutil.go:25.2,25.22 1 1
example/coverlens-demo/stringutil.go:25.22,27.3 1 0
example/coverlens-demo/stringutil.go:28.2,28.27 1 1
example/coverlens-demo/stringutil.go:32.30,35.2 2 0
example/coverlens-demo/stringutil.go:38.34,39.13 1 1
example/coverlens-demo/stringutil.go:39.13,41.3 1 1
example/coverlens-demo/stringutil.go:42.2,42.39 1 1
