mode: set
example/coverlens-demo/stringutil.go:7,8	1	1
example/coverlens-demo/stringutil.go:8,10	2	1
example/coverlens-demo/stringutil.go:11,11	1	1
example/coverlens-demo/stringutil.go:15,17	2	1
example/coverlens-demo/stringutil.go:21,22	1	1
example/coverlens-demo/stringutil.go:22,23	1	0
example/coverlens-demo/stringutil.go:25,26	1	1
example/coverlens-demo/stringutil.go:26,27	1	0
example/coverlens-demo/stringutil.go:28,28	1	1
example/coverlens-demo/stringutil.go:32,34	2	0
example/coverlens-demo/stringutil.go:38,39	1	1
example/coverlens-demo/stringutil.go:39,40	1	1
example/coverlens-demo/stringutil.go:42,42	1	1
