TN:
SF:calculator.ts
FN:2,add
FN:6,subtract
FN:10,multiply
FN:14,divide
FN:21,power
FN:32,factorial
FNF:6
FNH:5
FNDA:1,add
FNDA:1,subtract
FNDA:0,multiply
FNDA:2,divide
FNDA:1,power
FNDA:6,factorial
DA:2,1
DA:3,1
DA:6,1
DA:7,1
DA:10,0
DA:11,0
DA:14,2
DA:15,2
DA:16,1
DA:18,1
DA:21,1
DA:22,0
DA:23,0
DA:25,1
DA:26,1
DA:27,1
DA:29,1
DA:32,6
DA:33,6
DA:34,0
DA:36,6
DA:37,2
DA:39,4
BRDA:15,0,0,1
BRDA:15,0,1,1
BRDA:22,1,0,0
BRDA:22,1,1,1
BRDA:33,2,0,0
BRDA:33,2,1,6
BRDA:36,3,0,2
BRDA:36,3,1,4
LF:22
LH:17
BRF:8
BRH:6
end_of_record
