TN:
SF:lib.rs
FN:1,gcd
FN:10,lcm
FN:17,is_prime
FN:36,collatz_steps
FNF:4
FNH:3
FNDA:3,gcd
FNDA:1,lcm
FNDA:4,is_prime
FNDA:0,collatz_steps
DA:1,3
DA:2,3
DA:3,6
DA:4,6
DA:5,6
DA:7,3
DA:10,1
DA:11,1
DA:12,0
DA:14,1
DA:17,4
DA:18,4
DA:19,1
DA:21,3
DA:22,1
DA:24,2
DA:25,0
DA:27,2
DA:28,2
DA:29,2
DA:30,0
DA:32,2
DA:34,2
DA:36,0
DA:37,0
DA:38,0
DA:40,0
DA:41,0
DA:42,0
DA:43,0
DA:44,0
DA:46,0
DA:48,0
BRDA:2,0,0,3
BRDA:2,0,1,3
BRDA:11,1,0,0
BRDA:11,1,1,1
BRDA:18,2,0,1
BRDA:18,2,1,3
BRDA:21,3,0,1
BRDA:21,3,1,2
BRDA:24,4,0,0
BRDA:24,4,1,2
BRDA:29,5,0,0
BRDA:29,5,1,2
BRDA:37,6,0,0
BRDA:37,6,1,0
BRDA:41,7,0,0
BRDA:41,7,1,0
LF:33
LH:20
BRF:16
BRH:10
end_of_record
